# JRE version: OpenJDK Runtime Environment Temurin-21.0.9+10 (21.0.9+10) (build 21.0.9+10-LTS)
# Java VM: OpenJDK 64-Bit Server VM Temurin-21.0.9+10 (21.0.9+10-LTS, mixed mode, tiered, compressed oops, compressed class ptrs, g1 gc, windows-amd64)
GC Precious Log:
 CardTable entry size: 512
 Card Set container configuration: InlinePtr #cards 4 size 8 Array Of Cards #cards 16 size 48 Howl #buckets 8 coarsen threshold 3686 Howl Bitmap #cards 512 size 80 coarsen threshold 460 Card regions per heap region 1 cards per card region 4096
 CPUs: 16 total, 16 available
 Memory: 15629M
 Large Page Support: Disabled
 NUMA Support: Disabled
 Compressed Oops: Enabled (Zero based)
 Heap Region Size: 2M
 Heap Min Capacity: 8M
 Heap Initial Capacity: 246M
 Heap Max Capacity: 3908M
 Pre-touch: Disabled
 Parallel Workers: 13
 Concurrent Workers: 3
 Concurrent Refinement Workers: 13
 Periodic GC: Disabled
Heap:
 garbage-first heap   total 202752K, used 108365K [0x000000070bc00000, 0x0000000800000000)
  region size 2048K, 4 young (8192K), 3 survivors (6144K)
 Metaspace       used 74983K, committed 76096K, reserved 1179648K
  class space    used 8374K, committed 8896K, reserved 1048576K
GC Heap History (20 events):
Event: 34.246 GC heap before
{Heap before GC invocations=7 (full 0):
 garbage-first heap   total 57344K, used 43297K [0x000000070bc00000, 0x0000000800000000)
  region size 2048K, 10 young (20480K), 1 survivors (2048K)
 Metaspace       used 45936K, committed 46464K, reserved 1114112K
  class space    used 4835K, committed 5056K, reserved 1048576K
}
Event: 34.250 GC heap after
{Heap after GC invocations=8 (full 0):
 garbage-first heap   total 57344K, used 28938K [0x000000070bc00000, 0x0000000800000000)
  region size 2048K, 2 young (4096K), 2 survivors (4096K)
 Metaspace       used 45936K, committed 46464K, reserved 1114112K
  class space    used 4835K, committed 5056K, reserved 1048576K
}
Event: 35.003 GC heap before
{Heap before GC invocations=9 (full 0):
 garbage-first heap   total 57344K, used 45322K [0x000000070bc00000, 0x0000000800000000)
  region size 2048K, 11 young (22528K), 2 survivors (4096K)
 Metaspace       used 50232K, committed 50816K, reserved 1114112K
  class space    used 5260K, committed 5504K, reserved 1048576K
}
Event: 35.040 GC heap after
{Heap after GC invocations=10 (full 0):
 garbage-first heap   total 57344K, used 29455K [0x000000070bc00000, 0x0000000800000000)
  region size 2048K, 2 young (4096K), 2 survivors (4096K)
 Metaspace       used 50232K, committed 50816K, reserved 1114112K
  class space    used 5260K, committed 5504K, reserved 1048576K
}
Event: 36.795 GC heap before
{Heap before GC invocations=10 (full 0):
 garbage-first heap   total 57344K, used 43791K [0x000000070bc00000, 0x0000000800000000)
  region size 2048K, 10 young (20480K), 2 survivors (4096K)
 Metaspace       used 54595K, committed 55232K, reserved 1114112K
  class space    used 5872K, committed 6144K, reserved 1048576K
}
Event: 36.799 GC heap after
{Heap after GC invocations=11 (full 0):
 garbage-first heap   total 155648K, used 32596K [0x000000070bc00000, 0x0000000800000000)
  region size 2048K, 2 young (4096K), 2 survivors (4096K)
 Metaspace       used 54595K, committed 55232K, reserved 1114112K
  class space    used 5872K, committed 6144K, reserved 1048576K
}
Event: 1939.536 GC heap before
{Heap before GC invocations=11 (full 0):
 garbage-first heap   total 155648K, used 147284K [0x000000070bc00000, 0x0000000800000000)
  region size 2048K, 45 young (92160K), 2 survivors (4096K)
 Metaspace       used 68721K, committed 69760K, reserved 1114112K
  class space    used 7734K, committed 8192K, reserved 1048576K
}
Event: 1939.684 GC heap after
{Heap after GC invocations=12 (full 0):
 garbage-first heap   total 163840K, used 70316K [0x000000070bc00000, 0x0000000800000000)
  region size 2048K, 6 young (12288K), 6 survivors (12288K)
 Metaspace       used 68721K, committed 69760K, reserved 1114112K
  class space    used 7734K, committed 8192K, reserved 1048576K
}
Event: 1975.292 GC heap before
{Heap before GC invocations=12 (full 0):
 garbage-first heap   total 163840K, used 94892K [0x000000070bc00000, 0x0000000800000000)
  region size 2048K, 13 young (26624K), 6 survivors (12288K)
 Metaspace       used 68725K, committed 69760K, reserved 1114112K
  class space    used 7734K, committed 8192K, reserved 1048576K
}
Event: 1975.313 GC heap after
{Heap after GC invocations=13 (full 0):
 garbage-first heap   total 163840K, used 84231K [0x000000070bc00000, 0x0000000800000000)
  region size 2048K, 1 young (2048K), 1 survivors (2048K)
 Metaspace       used 68725K, committed 69760K, reserved 1114112K
  class space    used 7734K, committed 8192K, reserved 1048576K
}
Event: 1979.481 GC heap before
{Heap before GC invocations=14 (full 0):
 garbage-first heap   total 163840K, used 141575K [0x000000070bc00000, 0x0000000800000000)
  region size 2048K, 29 young (59392K), 1 survivors (2048K)
 Metaspace       used 74319K, committed 75456K, reserved 1179648K
  class space    used 8305K, committed 8832K, reserved 1048576K
}
Event: 1979.485 GC heap after
{Heap after GC invocations=15 (full 0):
 garbage-first heap   total 163840K, used 88823K [0x000000070bc00000, 0x0000000800000000)
  region size 2048K, 2 young (4096K), 2 survivors (4096K)
 Metaspace       used 74319K, committed 75456K, reserved 1179648K
  class space    used 8305K, committed 8832K, reserved 1048576K
}
Event: 1980.333 GC heap before
{Heap before GC invocations=15 (full 0):
 garbage-first heap   total 163840K, used 146167K [0x000000070bc00000, 0x0000000800000000)
  region size 2048K, 30 young (61440K), 2 survivors (4096K)
 Metaspace       used 74913K, committed 76096K, reserved 1179648K
  class space    used 8370K, committed 8896K, reserved 1048576K
}
Event: 1980.343 GC heap after
{Heap after GC invocations=16 (full 0):
 garbage-first heap   total 163840K, used 88783K [0x000000070bc00000, 0x0000000800000000)
  region size 2048K, 3 young (6144K), 3 survivors (6144K)
 Metaspace       used 74913K, committed 76096K, reserved 1179648K
  class space    used 8370K, committed 8896K, reserved 1048576K
}
Event: 1980.579 GC heap before
{Heap before GC invocations=16 (full 0):
 garbage-first heap   total 163840K, used 146127K [0x000000070bc00000, 0x0000000800000000)
  region size 2048K, 31 young (63488K), 3 survivors (6144K)
 Metaspace       used 74958K, committed 76096K, reserved 1179648K
  class space    used 8371K, committed 8896K, reserved 1048576K
}
Event: 1980.586 GC heap after
{Heap after GC invocations=17 (full 0):
 garbage-first heap   total 163840K, used 99318K [0x000000070bc00000, 0x0000000800000000)
  region size 2048K, 4 young (8192K), 4 survivors (8192K)
 Metaspace       used 74958K, committed 76096K, reserved 1179648K
  class space    used 8371K, committed 8896K, reserved 1048576K
}
Event: 1980.952 GC heap before
{Heap before GC invocations=18 (full 0):
 garbage-first heap   total 167936K, used 144374K [0x000000070bc00000, 0x0000000800000000)
  region size 2048K, 26 young (53248K), 4 survivors (8192K)
 Metaspace       used 74976K, committed 76096K, reserved 1179648K
  class space    used 8371K, committed 8896K, reserved 1048576K
}
Event: 1980.959 GC heap after
{Heap after GC invocations=19 (full 0):
 garbage-first heap   total 167936K, used 98072K [0x000000070bc00000, 0x0000000800000000)
  region size 2048K, 2 young (4096K), 2 survivors (4096K)
 Metaspace       used 74976K, committed 76096K, reserved 1179648K
  class space    used 8371K, committed 8896K, reserved 1048576K
}
Event: 1981.113 GC heap before
{Heap before GC invocations=19 (full 0):
 garbage-first heap   total 167936K, used 147224K [0x000000070bc00000, 0x0000000800000000)
  region size 2048K, 26 young (53248K), 2 survivors (4096K)
 Metaspace       used 74976K, committed 76096K, reserved 1179648K
  class space    used 8371K, committed 8896K, reserved 1048576K
}
Event: 1981.120 GC heap after
{Heap after GC invocations=20 (full 0):
 garbage-first heap   total 167936K, used 108404K [0x000000070bc00000, 0x0000000800000000)
  region size 2048K, 4 young (8192K), 4 survivors (8192K)
 Metaspace       used 74976K, committed 76096K, reserved 1179648K
  class space    used 8371K, committed 8896K, reserved 1048576K
}

