# JRE version: OpenJDK Runtime Environment Temurin-21.0.9+10 (21.0.9+10) (build 21.0.9+10-LTS)
# Java VM: OpenJDK 64-Bit Server VM Temurin-21.0.9+10 (21.0.9+10-LTS, mixed mode, tiered, compressed oops, compressed class ptrs, g1 gc, windows-amd64)
GC Precious Log:
 CardTable entry size: 512
 Card Set container configuration: InlinePtr #cards 4 size 8 Array Of Cards #cards 16 size 48 Howl #buckets 8 coarsen threshold 3686 Howl Bitmap #cards 512 size 80 coarsen threshold 460 Card regions per heap region 1 cards per card region 4096
 CPUs: 16 total, 16 available
 Memory: 15629M
 Large Page Support: Disabled
 NUMA Support: Disabled
 Compressed Oops: Enabled (Zero based)
 Heap Region Size: 2M
 Heap Min Capacity: 8M
 Heap Initial Capacity: 246M
 Heap Max Capacity: 3908M
 Pre-touch: Disabled
 Parallel Workers: 13
 Concurrent Workers: 3
 Concurrent Refinement Workers: 13
 Periodic GC: Disabled
Heap:
 garbage-first heap   total 278528K, used 214304K [0x000000070bc00000, 0x0000000800000000)
  region size 2048K, 54 young (110592K), 4 survivors (8192K)
 Metaspace       used 89329K, committed 90368K, reserved 1179648K
  class space    used 9956K, committed 10432K, reserved 1048576K
GC Heap History (20 events):
Event: 1930.451 GC heap before
{Heap before GC invocations=27 (full 0):
 garbage-first heap   total 151552K, used 139228K [0x000000070bc00000, 0x0000000800000000)
  region size 2048K, 27 young (55296K), 3 survivors (6144K)
 Metaspace       used 76321K, committed 77440K, reserved 1179648K
  class space    used 8494K, committed 9024K, reserved 1048576K
}
Event: 1930.458 GC heap after
{Heap after GC invocations=28 (full 0):
 garbage-first heap   total 155648K, used 96772K [0x000000070bc00000, 0x0000000800000000)
  region size 2048K, 4 young (8192K), 4 survivors (8192K)
 Metaspace       used 76321K, committed 77440K, reserved 1179648K
  class space    used 8494K, committed 9024K, reserved 1048576K
}
Event: 1930.861 GC heap before
{Heap before GC invocations=28 (full 0):
 garbage-first heap   total 155648K, used 139780K [0x000000070bc00000, 0x0000000800000000)
  region size 2048K, 25 young (51200K), 4 survivors (8192K)
 Metaspace       used 76338K, committed 77440K, reserved 1179648K
  class space    used 8494K, committed 9024K, reserved 1048576K
}
Event: 1930.900 GC heap after
{Heap after GC invocations=29 (full 0):
 garbage-first heap   total 188416K, used 97943K [0x000000070bc00000, 0x0000000800000000)
  region size 2048K, 2 young (4096K), 2 survivors (4096K)
 Metaspace       used 76338K, committed 77440K, reserved 1179648K
  class space    used 8494K, committed 9024K, reserved 1048576K
}
Event: 1931.380 GC heap before
{Heap before GC invocations=30 (full 0):
 garbage-first heap   total 188416K, used 165527K [0x000000070bc00000, 0x0000000800000000)
  region size 2048K, 35 young (71680K), 2 survivors (4096K)
 Metaspace       used 76350K, committed 77440K, reserved 1179648K
  class space    used 8496K, committed 9024K, reserved 1048576K
}
Event: 1931.382 GC heap after
{Heap after GC invocations=31 (full 0):
 garbage-first heap   total 188416K, used 96597K [0x000000070bc00000, 0x0000000800000000)
  region size 2048K, 2 young (4096K), 2 survivors (4096K)
 Metaspace       used 76350K, committed 77440K, reserved 1179648K
  class space    used 8496K, committed 9024K, reserved 1048576K
}
Event: 1931.873 GC heap before
{Heap before GC invocations=31 (full 0):
 garbage-first heap   total 188416K, used 166229K [0x000000070bc00000, 0x0000000800000000)
  region size 2048K, 36 young (73728K), 2 survivors (4096K)
 Metaspace       used 76352K, committed 77440K, reserved 1179648K
  class space    used 8496K, committed 9024K, reserved 1048576K
}
Event: 1931.886 GC heap after
{Heap after GC invocations=32 (full 0):
 garbage-first heap   total 188416K, used 110574K [0x000000070bc00000, 0x0000000800000000)
  region size 2048K, 5 young (10240K), 5 survivors (10240K)
 Metaspace       used 76352K, committed 77440K, reserved 1179648K
  class space    used 8496K, committed 9024K, reserved 1048576K
}
Event: 1932.299 GC heap before
{Heap before GC invocations=32 (full 0):
 garbage-first heap   total 188416K, used 163822K [0x000000070bc00000, 0x0000000800000000)
  region size 2048K, 31 young (63488K), 5 survivors (10240K)
 Metaspace       used 76358K, committed 77440K, reserved 1179648K
  class space    used 8496K, committed 9024K, reserved 1048576K
}
Event: 1932.310 GC heap after
{Heap after GC invocations=33 (full 0):
 garbage-first heap   total 188416K, used 106772K [0x000000070bc00000, 0x0000000800000000)
  region size 2048K, 2 young (4096K), 2 survivors (4096K)
 Metaspace       used 76358K, committed 77440K, reserved 1179648K
  class space    used 8496K, committed 9024K, reserved 1048576K
}
Event: 1932.845 GC heap before
{Heap before GC invocations=34 (full 0):
 garbage-first heap   total 188416K, used 160020K [0x000000070bc00000, 0x0000000800000000)
  region size 2048K, 30 young (61440K), 2 survivors (4096K)
 Metaspace       used 76758K, committed 77888K, reserved 1179648K
  class space    used 8545K, committed 9088K, reserved 1048576K
}
Event: 1932.855 GC heap after
{Heap after GC invocations=35 (full 0):
 garbage-first heap   total 188416K, used 104186K [0x000000070bc00000, 0x0000000800000000)
  region size 2048K, 2 young (4096K), 2 survivors (4096K)
 Metaspace       used 76758K, committed 77888K, reserved 1179648K
  class space    used 8545K, committed 9088K, reserved 1048576K
}
Event: 1948.731 GC heap before
{Heap before GC invocations=35 (full 0):
 garbage-first heap   total 188416K, used 171770K [0x000000070bc00000, 0x0000000800000000)
  region size 2048K, 34 young (69632K), 2 survivors (4096K)
 Metaspace       used 84843K, committed 85888K, reserved 1179648K
  class space    used 9473K, committed 9984K, reserved 1048576K
}
Event: 1948.740 GC heap after
{Heap after GC invocations=36 (full 0):
 garbage-first heap   total 188416K, used 109580K [0x000000070bc00000, 0x0000000800000000)
  region size 2048K, 4 young (8192K), 4 survivors (8192K)
 Metaspace       used 84843K, committed 85888K, reserved 1179648K
  class space    used 9473K, committed 9984K, reserved 1048576K
}
Event: 1960.643 GC heap before
{Heap before GC invocations=36 (full 0):
 garbage-first heap   total 188416K, used 168972K [0x000000070bc00000, 0x0000000800000000)
  region size 2048K, 33 young (67584K), 4 survivors (8192K)
 Metaspace       used 87969K, committed 89024K, reserved 1179648K
  class space    used 9854K, committed 10368K, reserved 1048576K
}
Event: 1960.652 GC heap after
{Heap after GC invocations=37 (full 0):
 garbage-first heap   total 188416K, used 111973K [0x000000070bc00000, 0x0000000800000000)
  region size 2048K, 4 young (8192K), 4 survivors (8192K)
 Metaspace       used 87969K, committed 89024K, reserved 1179648K
  class space    used 9854K, committed 10368K, reserved 1048576K
}
Event: 1964.503 GC heap before
{Heap before GC invocations=38 (full 0):
 garbage-first heap   total 192512K, used 169317K [0x000000070bc00000, 0x0000000800000000)
  region size 2048K, 32 young (65536K), 4 survivors (8192K)
 Metaspace       used 88052K, committed 89152K, reserved 1179648K
  class space    used 9854K, committed 10368K, reserved 1048576K
}
Event: 1964.509 GC heap after
{Heap after GC invocations=39 (full 0):
 garbage-first heap   total 278528K, used 114077K [0x000000070bc00000, 0x0000000800000000)
  region size 2048K, 3 young (6144K), 3 survivors (6144K)
 Metaspace       used 88052K, committed 89152K, reserved 1179648K
  class space    used 9854K, committed 10368K, reserved 1048576K
}
Event: 1976.272 GC heap before
{Heap before GC invocations=39 (full 0):
 garbage-first heap   total 278528K, used 259485K [0x000000070bc00000, 0x0000000800000000)
  region size 2048K, 74 young (151552K), 3 survivors (6144K)
 Metaspace       used 88567K, committed 89600K, reserved 1179648K
  class space    used 9897K, committed 10368K, reserved 1048576K
}
Event: 1976.278 GC heap after
{Heap after GC invocations=40 (full 0):
 garbage-first heap   total 278528K, used 113952K [0x000000070bc00000, 0x0000000800000000)
  region size 2048K, 4 young (8192K), 4 survivors (8192K)
 Metaspace       used 88567K, committed 89600K, reserved 1179648K
  class space    used 9897K, committed 10368K, reserved 1048576K
}

