# JRE version: OpenJDK Runtime Environment Temurin-21.0.9+10 (21.0.9+10) (build 21.0.9+10-LTS)
# Java VM: OpenJDK 64-Bit Server VM Temurin-21.0.9+10 (21.0.9+10-LTS, mixed mode, tiered, compressed oops, compressed class ptrs, g1 gc, windows-amd64)
GC Precious Log:
 CardTable entry size: 512
 Card Set container configuration: InlinePtr #cards 4 size 8 Array Of Cards #cards 16 size 48 Howl #buckets 8 coarsen threshold 3686 Howl Bitmap #cards 512 size 80 coarsen threshold 460 Card regions per heap region 1 cards per card region 4096
 CPUs: 16 total, 16 available
 Memory: 15629M
 Large Page Support: Disabled
 NUMA Support: Disabled
 Compressed Oops: Enabled (Zero based)
 Heap Region Size: 2M
 Heap Min Capacity: 8M
 Heap Initial Capacity: 246M
 Heap Max Capacity: 3908M
 Pre-touch: Disabled
 Parallel Workers: 13
 Concurrent Workers: 3
 Concurrent Refinement Workers: 13
 Periodic GC: Disabled
Heap:
 garbage-first heap   total 219136K, used 121123K [0x000000070bc00000, 0x0000000800000000)
  region size 2048K, 6 young (12288K), 3 survivors (6144K)
 Metaspace       used 90108K, committed 91200K, reserved 1179648K
  class space    used 10144K, committed 10688K, reserved 1048576K
GC Heap History (20 events):
Event: 1935.327 GC heap before
{Heap before GC invocations=16 (full 0):
 garbage-first heap   total 159744K, used 145487K [0x000000070bc00000, 0x0000000800000000)
  region size 2048K, 29 young (59392K), 2 survivors (4096K)
 Metaspace       used 75462K, committed 76480K, reserved 1179648K
  class space    used 8456K, committed 8960K, reserved 1048576K
}
Event: 1935.334 GC heap after
{Heap after GC invocations=17 (full 0):
 garbage-first heap   total 159744K, used 95967K [0x000000070bc00000, 0x0000000800000000)
  region size 2048K, 4 young (8192K), 4 survivors (8192K)
 Metaspace       used 75462K, committed 76480K, reserved 1179648K
  class space    used 8456K, committed 8960K, reserved 1048576K
}
Event: 1935.874 GC heap before
{Heap before GC invocations=18 (full 0):
 garbage-first heap   total 161792K, used 145119K [0x000000070bc00000, 0x0000000800000000)
  region size 2048K, 28 young (57344K), 4 survivors (8192K)
 Metaspace       used 76129K, committed 77184K, reserved 1179648K
  class space    used 8533K, committed 9024K, reserved 1048576K
}
Event: 1935.880 GC heap after
{Heap after GC invocations=19 (full 0):
 garbage-first heap   total 161792K, used 95638K [0x000000070bc00000, 0x0000000800000000)
  region size 2048K, 2 young (4096K), 2 survivors (4096K)
 Metaspace       used 76129K, committed 77184K, reserved 1179648K
  class space    used 8533K, committed 9024K, reserved 1048576K
}
Event: 1936.186 GC heap before
{Heap before GC invocations=19 (full 0):
 garbage-first heap   total 161792K, used 144790K [0x000000070bc00000, 0x0000000800000000)
  region size 2048K, 26 young (53248K), 2 survivors (4096K)
 Metaspace       used 76321K, committed 77440K, reserved 1179648K
  class space    used 8563K, committed 9088K, reserved 1048576K
}
Event: 1936.194 GC heap after
{Heap after GC invocations=20 (full 0):
 garbage-first heap   total 163840K, used 107267K [0x000000070bc00000, 0x0000000800000000)
  region size 2048K, 4 young (8192K), 4 survivors (8192K)
 Metaspace       used 76321K, committed 77440K, reserved 1179648K
  class space    used 8563K, committed 9088K, reserved 1048576K
}
Event: 1936.467 GC heap before
{Heap before GC invocations=20 (full 0):
 garbage-first heap   total 163840K, used 144131K [0x000000070bc00000, 0x0000000800000000)
  region size 2048K, 22 young (45056K), 4 survivors (8192K)
 Metaspace       used 76433K, committed 77504K, reserved 1179648K
  class space    used 8582K, committed 9088K, reserved 1048576K
}
Event: 1936.472 GC heap after
{Heap after GC invocations=21 (full 0):
 garbage-first heap   total 163840K, used 107828K [0x000000070bc00000, 0x0000000800000000)
  region size 2048K, 3 young (6144K), 3 survivors (6144K)
 Metaspace       used 76433K, committed 77504K, reserved 1179648K
  class space    used 8582K, committed 9088K, reserved 1048576K
}
Event: 1936.642 GC heap before
{Heap before GC invocations=22 (full 0):
 garbage-first heap   total 182272K, used 140596K [0x000000070bc00000, 0x0000000800000000)
  region size 2048K, 20 young (40960K), 3 survivors (6144K)
 Metaspace       used 76478K, committed 77504K, reserved 1179648K
  class space    used 8591K, committed 9088K, reserved 1048576K
}
Event: 1936.648 GC heap after
{Heap after GC invocations=23 (full 0):
 garbage-first heap   total 219136K, used 104905K [0x000000070bc00000, 0x0000000800000000)
  region size 2048K, 2 young (4096K), 2 survivors (4096K)
 Metaspace       used 76478K, committed 77504K, reserved 1179648K
  class space    used 8591K, committed 9088K, reserved 1048576K
}
Event: 1937.167 GC heap before
{Heap before GC invocations=23 (full 0):
 garbage-first heap   total 219136K, used 195017K [0x000000070bc00000, 0x0000000800000000)
  region size 2048K, 46 young (94208K), 2 survivors (4096K)
 Metaspace       used 76651K, committed 77696K, reserved 1179648K
  class space    used 8613K, committed 9088K, reserved 1048576K
}
Event: 1937.172 GC heap after
{Heap after GC invocations=24 (full 0):
 garbage-first heap   total 219136K, used 103007K [0x000000070bc00000, 0x0000000800000000)
  region size 2048K, 2 young (4096K), 2 survivors (4096K)
 Metaspace       used 76651K, committed 77696K, reserved 1179648K
  class space    used 8613K, committed 9088K, reserved 1048576K
}
Event: 1939.866 GC heap before
{Heap before GC invocations=24 (full 0):
 garbage-first heap   total 219136K, used 170591K [0x000000070bc00000, 0x0000000800000000)
  region size 2048K, 36 young (73728K), 2 survivors (4096K)
 Metaspace       used 76843K, committed 77888K, reserved 1179648K
  class space    used 8627K, committed 9088K, reserved 1048576K
}
Event: 1939.870 GC heap after
{Heap after GC invocations=25 (full 0):
 garbage-first heap   total 219136K, used 104705K [0x000000070bc00000, 0x0000000800000000)
  region size 2048K, 3 young (6144K), 3 survivors (6144K)
 Metaspace       used 76843K, committed 77888K, reserved 1179648K
  class space    used 8627K, committed 9088K, reserved 1048576K
}
Event: 1958.707 GC heap before
{Heap before GC invocations=26 (full 0):
 garbage-first heap   total 219136K, used 203009K [0x000000070bc00000, 0x0000000800000000)
  region size 2048K, 50 young (102400K), 3 survivors (6144K)
 Metaspace       used 89316K, committed 90432K, reserved 1179648K
  class space    used 10101K, committed 10624K, reserved 1048576K
}
Event: 1958.712 GC heap after
{Heap after GC invocations=27 (full 0):
 garbage-first heap   total 219136K, used 114459K [0x000000070bc00000, 0x0000000800000000)
  region size 2048K, 6 young (12288K), 6 survivors (12288K)
 Metaspace       used 89316K, committed 90432K, reserved 1179648K
  class space    used 10101K, committed 10624K, reserved 1048576K
}
Event: 1964.850 GC heap before
{Heap before GC invocations=27 (full 0):
 garbage-first heap   total 219136K, used 200475K [0x000000070bc00000, 0x0000000800000000)
  region size 2048K, 48 young (98304K), 6 survivors (12288K)
 Metaspace       used 89553K, committed 90688K, reserved 1179648K
  class space    used 10101K, committed 10624K, reserved 1048576K
}
Event: 1964.860 GC heap after
{Heap after GC invocations=28 (full 0):
 garbage-first heap   total 219136K, used 115781K [0x000000070bc00000, 0x0000000800000000)
  region size 2048K, 5 young (10240K), 5 survivors (10240K)
 Metaspace       used 89553K, committed 90688K, reserved 1179648K
  class space    used 10101K, committed 10624K, reserved 1048576K
}
Event: 1984.075 GC heap before
{Heap before GC invocations=28 (full 0):
 garbage-first heap   total 219136K, used 199749K [0x000000070bc00000, 0x0000000800000000)
  region size 2048K, 46 young (94208K), 5 survivors (10240K)
 Metaspace       used 90100K, committed 91200K, reserved 1179648K
  class space    used 10144K, committed 10688K, reserved 1048576K
}
Event: 1984.085 GC heap after
{Heap after GC invocations=29 (full 0):
 garbage-first heap   total 219136K, used 117027K [0x000000070bc00000, 0x0000000800000000)
  region size 2048K, 3 young (6144K), 3 survivors (6144K)
 Metaspace       used 90100K, committed 91200K, reserved 1179648K
  class space    used 10144K, committed 10688K, reserved 1048576K
}

