# JRE version: OpenJDK Runtime Environment Temurin-21.0.9+10 (21.0.9+10) (build 21.0.9+10-LTS)
# Java VM: OpenJDK 64-Bit Server VM Temurin-21.0.9+10 (21.0.9+10-LTS, mixed mode, tiered, compressed oops, compressed class ptrs, g1 gc, windows-amd64)
GC Precious Log:
 CardTable entry size: 512
 Card Set container configuration: InlinePtr #cards 4 size 8 Array Of Cards #cards 16 size 48 Howl #buckets 8 coarsen threshold 3686 Howl Bitmap #cards 512 size 80 coarsen threshold 460 Card regions per heap region 1 cards per card region 4096
 CPUs: 16 total, 16 available
 Memory: 15629M
 Large Page Support: Disabled
 NUMA Support: Disabled
 Compressed Oops: Enabled (Zero based)
 Heap Region Size: 2M
 Heap Min Capacity: 8M
 Heap Initial Capacity: 246M
 Heap Max Capacity: 3908M
 Pre-touch: Disabled
 Parallel Workers: 13
 Concurrent Workers: 3
 Concurrent Refinement Workers: 13
 Periodic GC: Disabled
Heap:
 garbage-first heap   total 264192K, used 223956K [0x000000070bc00000, 0x0000000800000000)
  region size 2048K, 48 young (98304K), 2 survivors (4096K)
 Metaspace       used 90502K, committed 91648K, reserved 1179648K
  class space    used 10091K, committed 10624K, reserved 1048576K
GC Heap History (20 events):
Event: 1934.726 GC heap before
{Heap before GC invocations=27 (full 0):
 garbage-first heap   total 157696K, used 139882K [0x000000070bc00000, 0x0000000800000000)
  region size 2048K, 23 young (47104K), 4 survivors (8192K)
 Metaspace       used 74523K, committed 75584K, reserved 1179648K
  class space    used 8306K, committed 8832K, reserved 1048576K
}
Event: 1934.732 GC heap after
{Heap after GC invocations=28 (full 0):
 garbage-first heap   total 208896K, used 98954K [0x000000070bc00000, 0x0000000800000000)
  region size 2048K, 2 young (4096K), 2 survivors (4096K)
 Metaspace       used 74523K, committed 75584K, reserved 1179648K
  class space    used 8306K, committed 8832K, reserved 1048576K
}
Event: 1935.029 GC heap before
{Heap before GC invocations=28 (full 0):
 garbage-first heap   total 208896K, used 189066K [0x000000070bc00000, 0x0000000800000000)
  region size 2048K, 46 young (94208K), 2 survivors (4096K)
 Metaspace       used 74914K, committed 76032K, reserved 1179648K
  class space    used 8368K, committed 8896K, reserved 1048576K
}
Event: 1935.033 GC heap after
{Heap after GC invocations=29 (full 0):
 garbage-first heap   total 208896K, used 100291K [0x000000070bc00000, 0x0000000800000000)
  region size 2048K, 3 young (6144K), 3 survivors (6144K)
 Metaspace       used 74914K, committed 76032K, reserved 1179648K
  class space    used 8368K, committed 8896K, reserved 1048576K
}
Event: 1935.347 GC heap before
{Heap before GC invocations=30 (full 0):
 garbage-first heap   total 208896K, used 190403K [0x000000070bc00000, 0x0000000800000000)
  region size 2048K, 47 young (96256K), 3 survivors (6144K)
 Metaspace       used 74927K, committed 76032K, reserved 1179648K
  class space    used 8368K, committed 8896K, reserved 1048576K
}
Event: 1935.356 GC heap after
{Heap after GC invocations=31 (full 0):
 garbage-first heap   total 208896K, used 101720K [0x000000070bc00000, 0x0000000800000000)
  region size 2048K, 4 young (8192K), 4 survivors (8192K)
 Metaspace       used 74927K, committed 76032K, reserved 1179648K
  class space    used 8368K, committed 8896K, reserved 1048576K
}
Event: 1942.536 GC heap before
{Heap before GC invocations=31 (full 0):
 garbage-first heap   total 208896K, used 195928K [0x000000070bc00000, 0x0000000800000000)
  region size 2048K, 48 young (98304K), 4 survivors (8192K)
 Metaspace       used 77014K, committed 78144K, reserved 1179648K
  class space    used 8560K, committed 9088K, reserved 1048576K
}
Event: 1942.596 GC heap after
{Heap after GC invocations=32 (full 0):
 garbage-first heap   total 208896K, used 105903K [0x000000070bc00000, 0x0000000800000000)
  region size 2048K, 5 young (10240K), 5 survivors (10240K)
 Metaspace       used 77014K, committed 78144K, reserved 1179648K
  class space    used 8560K, committed 9088K, reserved 1048576K
}
Event: 1952.757 GC heap before
{Heap before GC invocations=32 (full 0):
 garbage-first heap   total 208896K, used 191919K [0x000000070bc00000, 0x0000000800000000)
  region size 2048K, 48 young (98304K), 5 survivors (10240K)
 Metaspace       used 87633K, committed 88768K, reserved 1179648K
  class space    used 9857K, committed 10368K, reserved 1048576K
}
Event: 1952.763 GC heap after
{Heap after GC invocations=33 (full 0):
 garbage-first heap   total 210944K, used 111155K [0x000000070bc00000, 0x0000000800000000)
  region size 2048K, 6 young (12288K), 6 survivors (12288K)
 Metaspace       used 87633K, committed 88768K, reserved 1179648K
  class space    used 9857K, committed 10368K, reserved 1048576K
}
Event: 1959.268 GC heap before
{Heap before GC invocations=34 (full 0):
 garbage-first heap   total 210944K, used 193075K [0x000000070bc00000, 0x0000000800000000)
  region size 2048K, 47 young (96256K), 6 survivors (12288K)
 Metaspace       used 87848K, committed 88960K, reserved 1179648K
  class space    used 9857K, committed 10368K, reserved 1048576K
}
Event: 1959.273 GC heap after
{Heap after GC invocations=35 (full 0):
 garbage-first heap   total 253952K, used 113441K [0x000000070bc00000, 0x0000000800000000)
  region size 2048K, 4 young (8192K), 4 survivors (8192K)
 Metaspace       used 87848K, committed 88960K, reserved 1179648K
  class space    used 9857K, committed 10368K, reserved 1048576K
}
Event: 1966.224 GC heap before
{Heap before GC invocations=35 (full 0):
 garbage-first heap   total 253952K, used 236321K [0x000000070bc00000, 0x0000000800000000)
  region size 2048K, 64 young (131072K), 4 survivors (8192K)
 Metaspace       used 88357K, committed 89408K, reserved 1179648K
  class space    used 9900K, committed 10368K, reserved 1048576K
}
Event: 1966.227 GC heap after
{Heap after GC invocations=36 (full 0):
 garbage-first heap   total 253952K, used 113685K [0x000000070bc00000, 0x0000000800000000)
  region size 2048K, 5 young (10240K), 5 survivors (10240K)
 Metaspace       used 88357K, committed 89408K, reserved 1179648K
  class space    used 9900K, committed 10368K, reserved 1048576K
}
Event: 1971.148 GC heap before
{Heap before GC invocations=36 (full 0):
 garbage-first heap   total 253952K, used 238613K [0x000000070bc00000, 0x0000000800000000)
  region size 2048K, 66 young (135168K), 5 survivors (10240K)
 Metaspace       used 89147K, committed 90240K, reserved 1179648K
  class space    used 9960K, committed 10432K, reserved 1048576K
}
Event: 1971.162 GC heap after
{Heap after GC invocations=37 (full 0):
 garbage-first heap   total 264192K, used 127390K [0x000000070bc00000, 0x0000000800000000)
  region size 2048K, 9 young (18432K), 9 survivors (18432K)
 Metaspace       used 89147K, committed 90240K, reserved 1179648K
  class space    used 9960K, committed 10432K, reserved 1048576K
}
Event: 1979.350 GC heap before
{Heap before GC invocations=38 (full 0):
 garbage-first heap   total 264192K, used 237982K [0x000000070bc00000, 0x0000000800000000)
  region size 2048K, 63 young (129024K), 9 survivors (18432K)
 Metaspace       used 90423K, committed 91584K, reserved 1179648K
  class space    used 10089K, committed 10624K, reserved 1048576K
}
Event: 1979.365 GC heap after
{Heap after GC invocations=39 (full 0):
 garbage-first heap   total 264192K, used 131913K [0x000000070bc00000, 0x0000000800000000)
  region size 2048K, 2 young (4096K), 2 survivors (4096K)
 Metaspace       used 90423K, committed 91584K, reserved 1179648K
  class space    used 10089K, committed 10624K, reserved 1048576K
}
Event: 1979.695 GC heap before
{Heap before GC invocations=39 (full 0):
 garbage-first heap   total 264192K, used 240457K [0x000000070bc00000, 0x0000000800000000)
  region size 2048K, 55 young (112640K), 2 survivors (4096K)
 Metaspace       used 90426K, committed 91584K, reserved 1179648K
  class space    used 10089K, committed 10624K, reserved 1048576K
}
Event: 1979.699 GC heap after
{Heap after GC invocations=40 (full 0):
 garbage-first heap   total 264192K, used 131796K [0x000000070bc00000, 0x0000000800000000)
  region size 2048K, 2 young (4096K), 2 survivors (4096K)
 Metaspace       used 90426K, committed 91584K, reserved 1179648K
  class space    used 10089K, committed 10624K, reserved 1048576K
}

