# JRE version: OpenJDK Runtime Environment Temurin-21.0.9+10 (21.0.9+10) (build 21.0.9+10-LTS)
# Java VM: OpenJDK 64-Bit Server VM Temurin-21.0.9+10 (21.0.9+10-LTS, mixed mode, tiered, compressed oops, compressed class ptrs, g1 gc, windows-amd64)
GC Precious Log:
 CardTable entry size: 512
 Card Set container configuration: InlinePtr #cards 4 size 8 Array Of Cards #cards 16 size 48 Howl #buckets 8 coarsen threshold 3686 Howl Bitmap #cards 512 size 80 coarsen threshold 460 Card regions per heap region 1 cards per card region 4096
 CPUs: 16 total, 16 available
 Memory: 15629M
 Large Page Support: Disabled
 NUMA Support: Disabled
 Compressed Oops: Enabled (Zero based)
 Heap Region Size: 2M
 Heap Min Capacity: 8M
 Heap Initial Capacity: 246M
 Heap Max Capacity: 3908M
 Pre-touch: Disabled
 Parallel Workers: 13
 Concurrent Workers: 3
 Concurrent Refinement Workers: 13
 Periodic GC: Disabled
Heap:
 garbage-first heap   total 256000K, used 147456K [0x000000070bc00000, 0x0000000800000000)
  region size 2048K, 19 young (38912K), 8 survivors (16384K)
 Metaspace       used 89507K, committed 90624K, reserved 1179648K
  class space    used 9980K, committed 10496K, reserved 1048576K
GC Heap History (20 events):
Event: 1956.470 GC heap before
{Heap before GC invocations=29 (full 0):
 garbage-first heap   total 157696K, used 144516K [0x000000070bc00000, 0x0000000800000000)
  region size 2048K, 29 young (59392K), 4 survivors (8192K)
 Metaspace       used 75353K, committed 76480K, reserved 1179648K
  class space    used 8426K, committed 8960K, reserved 1048576K
}
Event: 1956.476 GC heap after
{Heap after GC invocations=30 (full 0):
 garbage-first heap   total 190464K, used 93233K [0x000000070bc00000, 0x0000000800000000)
  region size 2048K, 2 young (4096K), 2 survivors (4096K)
 Metaspace       used 75353K, committed 76480K, reserved 1179648K
  class space    used 8426K, committed 8960K, reserved 1048576K
}
Event: 1956.713 GC heap before
{Heap before GC invocations=30 (full 0):
 garbage-first heap   total 190464K, used 177201K [0x000000070bc00000, 0x0000000800000000)
  region size 2048K, 43 young (88064K), 2 survivors (4096K)
 Metaspace       used 76178K, committed 77248K, reserved 1179648K
  class space    used 8512K, committed 9024K, reserved 1048576K
}
Event: 1956.720 GC heap after
{Heap after GC invocations=31 (full 0):
 garbage-first heap   total 196608K, used 108167K [0x000000070bc00000, 0x0000000800000000)
  region size 2048K, 6 young (12288K), 6 survivors (12288K)
 Metaspace       used 76178K, committed 77248K, reserved 1179648K
  class space    used 8512K, committed 9024K, reserved 1048576K
}
Event: 1956.908 GC heap before
{Heap before GC invocations=32 (full 0):
 garbage-first heap   total 196608K, used 169607K [0x000000070bc00000, 0x0000000800000000)
  region size 2048K, 36 young (73728K), 6 survivors (12288K)
 Metaspace       used 76935K, committed 77952K, reserved 1179648K
  class space    used 8611K, committed 9088K, reserved 1048576K
}
Event: 1956.912 GC heap after
{Heap after GC invocations=33 (full 0):
 garbage-first heap   total 196608K, used 103541K [0x000000070bc00000, 0x0000000800000000)
  region size 2048K, 2 young (4096K), 2 survivors (4096K)
 Metaspace       used 76935K, committed 77952K, reserved 1179648K
  class space    used 8611K, committed 9088K, reserved 1048576K
}
Event: 1957.224 GC heap before
{Heap before GC invocations=33 (full 0):
 garbage-first heap   total 196608K, used 164981K [0x000000070bc00000, 0x0000000800000000)
  region size 2048K, 33 young (67584K), 2 survivors (4096K)
 Metaspace       used 77183K, committed 78272K, reserved 1179648K
  class space    used 8626K, committed 9152K, reserved 1048576K
}
Event: 1957.227 GC heap after
{Heap after GC invocations=34 (full 0):
 garbage-first heap   total 196608K, used 104419K [0x000000070bc00000, 0x0000000800000000)
  region size 2048K, 3 young (6144K), 3 survivors (6144K)
 Metaspace       used 77183K, committed 78272K, reserved 1179648K
  class space    used 8626K, committed 9152K, reserved 1048576K
}
Event: 1958.363 GC heap before
{Heap before GC invocations=35 (full 0):
 garbage-first heap   total 196608K, used 172003K [0x000000070bc00000, 0x0000000800000000)
  region size 2048K, 37 young (75776K), 3 survivors (6144K)
 Metaspace       used 79637K, committed 80704K, reserved 1179648K
  class space    used 8862K, committed 9344K, reserved 1048576K
}
Event: 1958.367 GC heap after
{Heap after GC invocations=36 (full 0):
 garbage-first heap   total 196608K, used 108115K [0x000000070bc00000, 0x0000000800000000)
  region size 2048K, 4 young (8192K), 4 survivors (8192K)
 Metaspace       used 79637K, committed 80704K, reserved 1179648K
  class space    used 8862K, committed 9344K, reserved 1048576K
}
Event: 1958.746 GC heap before
{Heap before GC invocations=36 (full 0):
 garbage-first heap   total 196608K, used 177747K [0x000000070bc00000, 0x0000000800000000)
  region size 2048K, 38 young (77824K), 4 survivors (8192K)
 Metaspace       used 79715K, committed 80832K, reserved 1179648K
  class space    used 8862K, committed 9344K, reserved 1048576K
}
Event: 1958.749 GC heap after
{Heap after GC invocations=37 (full 0):
 garbage-first heap   total 196608K, used 107410K [0x000000070bc00000, 0x0000000800000000)
  region size 2048K, 4 young (8192K), 4 survivors (8192K)
 Metaspace       used 79715K, committed 80832K, reserved 1179648K
  class space    used 8862K, committed 9344K, reserved 1048576K
}
Event: 1959.252 GC heap before
{Heap before GC invocations=37 (full 0):
 garbage-first heap   total 196608K, used 177042K [0x000000070bc00000, 0x0000000800000000)
  region size 2048K, 38 young (77824K), 4 survivors (8192K)
 Metaspace       used 79745K, committed 80832K, reserved 1179648K
  class space    used 8862K, committed 9344K, reserved 1048576K
}
Event: 1959.254 GC heap after
{Heap after GC invocations=38 (full 0):
 garbage-first heap   total 196608K, used 108507K [0x000000070bc00000, 0x0000000800000000)
  region size 2048K, 3 young (6144K), 3 survivors (6144K)
 Metaspace       used 79745K, committed 80832K, reserved 1179648K
  class space    used 8862K, committed 9344K, reserved 1048576K
}
Event: 1959.664 GC heap before
{Heap before GC invocations=39 (full 0):
 garbage-first heap   total 196608K, used 180187K [0x000000070bc00000, 0x0000000800000000)
  region size 2048K, 38 young (77824K), 3 survivors (6144K)
 Metaspace       used 80320K, committed 81408K, reserved 1179648K
  class space    used 8909K, committed 9408K, reserved 1048576K
}
Event: 1959.668 GC heap after
{Heap after GC invocations=40 (full 0):
 garbage-first heap   total 251904K, used 108873K [0x000000070bc00000, 0x0000000800000000)
  region size 2048K, 2 young (4096K), 2 survivors (4096K)
 Metaspace       used 80320K, committed 81408K, reserved 1179648K
  class space    used 8909K, committed 9408K, reserved 1048576K
}
Event: 1960.440 GC heap before
{Heap before GC invocations=40 (full 0):
 garbage-first heap   total 251904K, used 231753K [0x000000070bc00000, 0x0000000800000000)
  region size 2048K, 63 young (129024K), 2 survivors (4096K)
 Metaspace       used 85186K, committed 86272K, reserved 1179648K
  class space    used 9458K, committed 9984K, reserved 1048576K
}
Event: 1960.445 GC heap after
{Heap after GC invocations=41 (full 0):
 garbage-first heap   total 251904K, used 115795K [0x000000070bc00000, 0x0000000800000000)
  region size 2048K, 6 young (12288K), 6 survivors (12288K)
 Metaspace       used 85186K, committed 86272K, reserved 1179648K
  class space    used 9458K, committed 9984K, reserved 1048576K
}
Event: 1974.441 GC heap before
{Heap before GC invocations=41 (full 0):
 garbage-first heap   total 251904K, used 232531K [0x000000070bc00000, 0x0000000800000000)
  region size 2048K, 63 young (129024K), 6 survivors (12288K)
 Metaspace       used 89275K, committed 90368K, reserved 1179648K
  class space    used 9961K, committed 10432K, reserved 1048576K
}
Event: 1974.452 GC heap after
{Heap after GC invocations=42 (full 0):
 garbage-first heap   total 256000K, used 126976K [0x000000070bc00000, 0x0000000800000000)
  region size 2048K, 8 young (16384K), 8 survivors (16384K)
 Metaspace       used 89275K, committed 90368K, reserved 1179648K
  class space    used 9961K, committed 10432K, reserved 1048576K
}

